<?xml version="1.0" encoding="UTF-8"?>
<testng-results total="1" passed="1" failed="0" skipped="0">
  <reporter-output>
  </reporter-output>
  <suite started-at="2019-10-22T05:08:10Z" name="Suite" finished-at="2019-10-22T05:08:22Z" duration-ms="12697">
    <groups>
    </groups>
    <test started-at="2019-10-22T05:08:10Z" name="Test" finished-at="2019-10-22T05:08:22Z" duration-ms="12697">
      <class name="packed.New">
        <test-method signature="openbrowser()[pri:0, instance:packed.New@7a1ebcd8]" started-at="2019-10-22T10:38:10Z" name="openbrowser" finished-at="2019-10-22T10:38:22Z" duration-ms="12684" status="PASS">
          <reporter-output>
          </reporter-output>
        </test-method> <!-- openbrowser -->
      </class> <!-- packed.New -->
    </test> <!-- Test -->
  </suite> <!-- Suite -->
</testng-results>
